[entrypoint-min] Sourcing ROS env...
[entrypoint-min] Starting Unity: /ros2_ws/src/ros-navigation-autonomy-stack/src/base_autonomy/vehicle_simulator/mesh/unity/environment/Model.x86_64
[entrypoint-min] Unity PID: 29
[entrypoint-min] Launch attempt 1: ros2 launch vehicle_simulator system_simulation_with_route_planner.launch.py enable_bridge:=false
[entrypoint-min] ROS nav stack PID: 30
[UnityMemory] Configuration Parameters - Can be set up in boot.config
    "memorysetup-bucket-allocator-granularity=16"
    "memorysetup-bucket-allocator-bucket-count=8"
    "memorysetup-bucket-allocator-block-size=4194304"
    "memorysetup-bucket-allocator-block-count=1"
    "memorysetup-main-allocator-block-size=16777216"
    "memorysetup-thread-allocator-block-size=16777216"
    "memorysetup-gfx-main-allocator-block-size=16777216"
    "memorysetup-gfx-thread-allocator-block-size=16777216"
    "memorysetup-cache-allocator-block-size=4194304"
    "memorysetup-typetree-allocator-block-size=2097152"
    "memorysetup-profiler-bucket-allocator-granularity=16"
    "memorysetup-profiler-bucket-allocator-bucket-count=8"
    "memorysetup-profiler-bucket-allocator-block-size=4194304"
    "memorysetup-profiler-bucket-allocator-block-count=1"
    "memorysetup-profiler-allocator-block-size=16777216"
    "memorysetup-profiler-editor-allocator-block-size=1048576"
    "memorysetup-temp-allocator-size-main=4194304"
    "memorysetup-job-temp-allocator-block-size=2097152"
    "memorysetup-job-temp-allocator-block-size-background=1048576"
    "memorysetup-job-temp-allocator-reduction-small-platforms=262144"
    "memorysetup-allocator-temp-initial-block-size-main=262144"
    "memorysetup-allocator-temp-initial-block-size-worker=262144"
    "memorysetup-temp-allocator-size-background-worker=32768"
    "memorysetup-temp-allocator-size-job-worker=262144"
    "memorysetup-temp-allocator-size-preload-manager=262144"
    "memorysetup-temp-allocator-size-nav-mesh-worker=65536"
    "memorysetup-temp-allocator-size-audio-worker=65536"
    "memorysetup-temp-allocator-size-cloud-worker=32768"
    "memorysetup-temp-allocator-size-gfx=262144"
[INFO] [launch]: All log files can be found below /root/.ros/log/2026-03-01-06-59-41-164055-dimos-flash-24.04-1-137
[INFO] [launch]: Default logging verbosity is set to INFO
[INFO] [localPlanner-1]: process started with pid [138]
[INFO] [pathFollower-2]: process started with pid [140]
[INFO] [static_transform_publisher-3]: process started with pid [142]
[INFO] [static_transform_publisher-4]: process started with pid [144]
[INFO] [terrainAnalysis-5]: process started with pid [146]
[INFO] [terrainAnalysisExt-6]: process started with pid [152]
[INFO] [default_server_endpoint-7]: process started with pid [155]
[INFO] [sim_image_repub-8]: process started with pid [157]
[INFO] [sensorScanGeneration-9]: process started with pid [161]
[INFO] [visualizationTools-10]: process started with pid [163]
[INFO] [joy_node-11]: process started with pid [166]
[INFO] [far_planner-12]: process started with pid [168]
[INFO] [graph_decoder-13]: process started with pid [170]
[INFO] [vehicleSimulator-14]: process started with pid [176]
[static_transform_publisher-3] [WARN] [1772348381.358477881] []: Old-style arguments are deprecated; see --help for new-style arguments
[static_transform_publisher-4] [WARN] [1772348381.355408184] []: Old-style arguments are deprecated; see --help for new-style arguments
[static_transform_publisher-4] [INFO] [1772348381.376471277] [sensorTransPublisher]: Spinning until stopped - publishing transform
[static_transform_publisher-4] translation: ('0.000000', '0.000000', '0.000000')
[static_transform_publisher-4] rotation: ('0.000000', '0.000000', '0.000000', '1.000000')
[static_transform_publisher-4] from '/sensor' to 'camera_link'
[static_transform_publisher-3] [INFO] [1772348381.391798504] [vehicleTransPublisher]: Spinning until stopped - publishing transform
[static_transform_publisher-3] translation: ('-0.000000', '-0.000000', '-0.000000')
[static_transform_publisher-3] rotation: ('0.000000', '0.000000', '0.000000', '1.000000')
[static_transform_publisher-3] from '/sensor' to '/vehicle'
[localPlanner-1] [INFO] [1772348381.405693316] [localPlanner]: Reading path files.
[graph_decoder-13] [INFO] [1772348381.412943935] [graph_decoder]: Graph Decoder Node Initialized
[vehicleSimulator-14] [INFO] [1772348381.420434576] [vehicleSimulator]: Simulation started.
[far_planner-12] [INFO] [1772348381.475243274] [far_planner]: FAR Planner Node Initiated
[default_server_endpoint-7] [INFO] [1772348381.554968742] [endpoint]: Starting server on 0.0.0.0:10000
[far_planner-12] [INFO] [1772348381.660654346] [far_planner]: voxel_dim: 0.100000
[far_planner-12] [INFO] [1772348381.661201855] [far_planner]: FAR Planner ROS Params Initiated
[far_planner-12] [INFO] [1772348381.661232683] [far_planner]: FAR Planner Callback Initiated
[localPlanner-1] [INFO] [1772348381.813017469] [localPlanner]: Initialization complete.
[far_planner-12] [INFO] [1772348381.878954479] [far_planner]: FAR Planner Processing Objects Initiated
[far_planner-12] [2J[0;0H
[far_planner-12] [1;33m **************** DYNAMIC ENV PLANNING **************** [0m
[far_planner-12] 
[far_planner-12] 
[far_planner-12] 
[far_planner-12] [INFO] [1772348382.879082477] [far_planner]: FAR Planner Initiated Complete
[default_server_endpoint-7] [INFO] [1772348383.740714607] [endpoint]: Connection from 127.0.0.1
[default_server_endpoint-7] [WARN] [1772348383.795288887] [rcl.logging_rosout]: Publisher already registered for provided node name. If this is due to multiple nodes with the same name then all logs for that logger name will go out over the existing publisher. As soon as any node with that name is destructed it will unregister the publisher, preventing any further logs for that name from being published on the rosout topic.
[default_server_endpoint-7] [INFO] [1772348383.829350993] [endpoint]: RegisterSubscriber(/unity_sim/set_model_state, <class 'geometry_msgs.msg._pose_stamped.PoseStamped'>) OK
[default_server_endpoint-7] [WARN] [1772348383.832841627] [rcl.logging_rosout]: Publisher already registered for provided node name. If this is due to multiple nodes with the same name then all logs for that logger name will go out over the existing publisher. As soon as any node with that name is destructed it will unregister the publisher, preventing any further logs for that name from being published on the rosout topic.
[default_server_endpoint-7] [INFO] [1772348383.866558567] [endpoint]: RegisterSubscriber(/tf, <class 'tf2_msgs.msg._tf_message.TFMessage'>) OK
[default_server_endpoint-7] [WARN] [1772348383.895362807] [rcl.logging_rosout]: Publisher already registered for provided node name. If this is due to multiple nodes with the same name then all logs for that logger name will go out over the existing publisher. As soon as any node with that name is destructed it will unregister the publisher, preventing any further logs for that name from being published on the rosout topic.
[default_server_endpoint-7] [INFO] [1772348383.935353505] [endpoint]: RegisterPublisher(camera/image/compressed, <class 'sensor_msgs.msg._compressed_image.CompressedImage'>) OK
[default_server_endpoint-7] [WARN] [1772348383.935756400] [rcl.logging_rosout]: Publisher already registered for provided node name. If this is due to multiple nodes with the same name then all logs for that logger name will go out over the existing publisher. As soon as any node with that name is destructed it will unregister the publisher, preventing any further logs for that name from being published on the rosout topic.
[default_server_endpoint-7] [INFO] [1772348384.793182862] [endpoint]: RegisterPublisher(camera/semantic_image/compressed, <class 'sensor_msgs.msg._compressed_image.CompressedImage'>) OK
[default_server_endpoint-7] [WARN] [1772348384.793704492] [rcl.logging_rosout]: Publisher already registered for provided node name. If this is due to multiple nodes with the same name then all logs for that logger name will go out over the existing publisher. As soon as any node with that name is destructed it will unregister the publisher, preventing any further logs for that name from being published on the rosout topic.
[default_server_endpoint-7] [INFO] [1772348384.904581399] [endpoint]: RegisterPublisher(/registered_scan, <class 'sensor_msgs.msg._point_cloud2.PointCloud2'>) OK
[default_server_endpoint-7] [WARN] [1772348384.916568720] [rcl.logging_rosout]: Publisher already registered for provided node name. If this is due to multiple nodes with the same name then all logs for that logger name will go out over the existing publisher. As soon as any node with that name is destructed it will unregister the publisher, preventing any further logs for that name from being published on the rosout topic.
[default_server_endpoint-7] [INFO] [1772348385.315071487] [endpoint]: RegisterPublisher(camera/image/compressed, <class 'sensor_msgs.msg._compressed_image.CompressedImage'>) OK
[default_server_endpoint-7] [INFO] [1772348385.475339374] [endpoint]: RegisterPublisher(camera/semantic_image/compressed, <class 'sensor_msgs.msg._compressed_image.CompressedImage'>) OK
[default_server_endpoint-7] [INFO] [1772348385.554310640] [endpoint]: RegisterPublisher(/registered_scan, <class 'sensor_msgs.msg._point_cloud2.PointCloud2'>) OK
================================================================================
================================================================================
==================== UNITY BRIDGE STARTUP TIMEOUT ERROR ========================
================================================================================
[entrypoint-min] Attempt 1 exceeded UNITY_BRIDGE_CONNECT_TIMEOUT_SEC=25
[entrypoint-min] Bridge did not become ready in time.
[entrypoint-min] Required topics missing: /registered_scan and /camera/image/compressed
[entrypoint-min] Stopping ROS nav stack and retrying in 2s.
================================================================================
================================================================================
[entrypoint-min] Launch attempt 2: ros2 launch vehicle_simulator system_simulation_with_route_planner.launch.py enable_bridge:=false
[entrypoint-min] ROS nav stack PID: 507
[INFO] [launch]: All log files can be found below /root/.ros/log/2026-03-01-07-00-08-875218-dimos-flash-24.04-1-526
[INFO] [launch]: Default logging verbosity is set to INFO
[INFO] [localPlanner-1]: process started with pid [527]
[INFO] [pathFollower-2]: process started with pid [529]
[INFO] [static_transform_publisher-3]: process started with pid [531]
[INFO] [static_transform_publisher-4]: process started with pid [533]
[INFO] [terrainAnalysis-5]: process started with pid [535]
[INFO] [terrainAnalysisExt-6]: process started with pid [543]
[INFO] [default_server_endpoint-7]: process started with pid [545]
[INFO] [sim_image_repub-8]: process started with pid [549]
[INFO] [sensorScanGeneration-9]: process started with pid [552]
[INFO] [visualizationTools-10]: process started with pid [555]
[INFO] [joy_node-11]: process started with pid [568]
[INFO] [far_planner-12]: process started with pid [581]
[INFO] [graph_decoder-13]: process started with pid [586]
[INFO] [vehicleSimulator-14]: process started with pid [595]
[static_transform_publisher-3] [WARN] [1772348409.036832364] []: Old-style arguments are deprecated; see --help for new-style arguments
[static_transform_publisher-3] [INFO] [1772348409.082545583] [vehicleTransPublisher]: Spinning until stopped - publishing transform
[static_transform_publisher-3] translation: ('-0.000000', '-0.000000', '-0.000000')
[static_transform_publisher-3] rotation: ('0.000000', '0.000000', '0.000000', '1.000000')
[static_transform_publisher-3] from '/sensor' to '/vehicle'
[static_transform_publisher-4] [WARN] [1772348409.038919950] []: Old-style arguments are deprecated; see --help for new-style arguments
[static_transform_publisher-4] [INFO] [1772348409.086843707] [sensorTransPublisher]: Spinning until stopped - publishing transform
[static_transform_publisher-4] translation: ('0.000000', '0.000000', '0.000000')
[static_transform_publisher-4] rotation: ('0.000000', '0.000000', '0.000000', '1.000000')
[static_transform_publisher-4] from '/sensor' to 'camera_link'
[localPlanner-1] [INFO] [1772348409.106173183] [localPlanner]: Reading path files.
[graph_decoder-13] [INFO] [1772348409.163678600] [graph_decoder]: Graph Decoder Node Initialized
[vehicleSimulator-14] [INFO] [1772348409.225126366] [vehicleSimulator]: Simulation started.
[far_planner-12] [INFO] [1772348409.331694283] [far_planner]: FAR Planner Node Initiated
[default_server_endpoint-7] [INFO] [1772348409.348471980] [endpoint]: Starting server on 0.0.0.0:10000
[far_planner-12] [INFO] [1772348409.366367541] [far_planner]: voxel_dim: 0.100000
[far_planner-12] [INFO] [1772348409.370908789] [far_planner]: FAR Planner ROS Params Initiated
[far_planner-12] [INFO] [1772348409.370950002] [far_planner]: FAR Planner Callback Initiated
[far_planner-12] [INFO] [1772348409.611560178] [far_planner]: FAR Planner Processing Objects Initiated
[localPlanner-1] [INFO] [1772348409.738197650] [localPlanner]: Initialization complete.
[default_server_endpoint-7] [INFO] [1772348410.122769220] [endpoint]: Connection from 127.0.0.1
[default_server_endpoint-7] [WARN] [1772348410.204341199] [rcl.logging_rosout]: Publisher already registered for provided node name. If this is due to multiple nodes with the same name then all logs for that logger name will go out over the existing publisher. As soon as any node with that name is destructed it will unregister the publisher, preventing any further logs for that name from being published on the rosout topic.
[default_server_endpoint-7] [INFO] [1772348410.267497370] [endpoint]: RegisterSubscriber(/unity_sim/set_model_state, <class 'geometry_msgs.msg._pose_stamped.PoseStamped'>) OK
[default_server_endpoint-7] [WARN] [1772348410.268876767] [rcl.logging_rosout]: Publisher already registered for provided node name. If this is due to multiple nodes with the same name then all logs for that logger name will go out over the existing publisher. As soon as any node with that name is destructed it will unregister the publisher, preventing any further logs for that name from being published on the rosout topic.
[default_server_endpoint-7] [INFO] [1772348410.330751532] [endpoint]: RegisterSubscriber(/tf, <class 'tf2_msgs.msg._tf_message.TFMessage'>) OK
[default_server_endpoint-7] [WARN] [1772348410.336250106] [rcl.logging_rosout]: Publisher already registered for provided node name. If this is due to multiple nodes with the same name then all logs for that logger name will go out over the existing publisher. As soon as any node with that name is destructed it will unregister the publisher, preventing any further logs for that name from being published on the rosout topic.
[default_server_endpoint-7] [INFO] [1772348410.351605748] [endpoint]: RegisterPublisher(camera/image/compressed, <class 'sensor_msgs.msg._compressed_image.CompressedImage'>) OK
[default_server_endpoint-7] [WARN] [1772348410.351809024] [rcl.logging_rosout]: Publisher already registered for provided node name. If this is due to multiple nodes with the same name then all logs for that logger name will go out over the existing publisher. As soon as any node with that name is destructed it will unregister the publisher, preventing any further logs for that name from being published on the rosout topic.
[default_server_endpoint-7] [INFO] [1772348410.371490073] [endpoint]: RegisterPublisher(camera/semantic_image/compressed, <class 'sensor_msgs.msg._compressed_image.CompressedImage'>) OK
[default_server_endpoint-7] [WARN] [1772348410.371685441] [rcl.logging_rosout]: Publisher already registered for provided node name. If this is due to multiple nodes with the same name then all logs for that logger name will go out over the existing publisher. As soon as any node with that name is destructed it will unregister the publisher, preventing any further logs for that name from being published on the rosout topic.
[default_server_endpoint-7] [INFO] [1772348410.385761248] [endpoint]: RegisterPublisher(/registered_scan, <class 'sensor_msgs.msg._point_cloud2.PointCloud2'>) OK
[far_planner-12] [2J[0;0H
[far_planner-12] [1;33m **************** DYNAMIC ENV PLANNING **************** [0m
[far_planner-12] 
[far_planner-12] 
[far_planner-12] 
[far_planner-12] [INFO] [1772348410.611680445] [far_planner]: FAR Planner Initiated Complete
================================================================================
================================================================================
==================== UNITY BRIDGE STARTUP TIMEOUT ERROR ========================
================================================================================
[entrypoint-min] Attempt 2 exceeded UNITY_BRIDGE_CONNECT_TIMEOUT_SEC=25
[entrypoint-min] Bridge did not become ready in time.
[entrypoint-min] Required topics missing: /registered_scan and /camera/image/compressed
[entrypoint-min] Stopping ROS nav stack and retrying in 2s.
================================================================================
================================================================================
[entrypoint-min] Launch attempt 3: ros2 launch vehicle_simulator system_simulation_with_route_planner.launch.py enable_bridge:=false
[entrypoint-min] ROS nav stack PID: 875
[INFO] [launch]: All log files can be found below /root/.ros/log/2026-03-01-07-00-37-527383-dimos-flash-24.04-1-894
[INFO] [launch]: Default logging verbosity is set to INFO
[INFO] [localPlanner-1]: process started with pid [895]
[INFO] [pathFollower-2]: process started with pid [897]
[INFO] [static_transform_publisher-3]: process started with pid [899]
[INFO] [static_transform_publisher-4]: process started with pid [901]
[INFO] [terrainAnalysis-5]: process started with pid [903]
[INFO] [terrainAnalysisExt-6]: process started with pid [908]
[INFO] [default_server_endpoint-7]: process started with pid [911]
[INFO] [sim_image_repub-8]: process started with pid [913]
[INFO] [sensorScanGeneration-9]: process started with pid [915]
[INFO] [visualizationTools-10]: process started with pid [917]
[INFO] [joy_node-11]: process started with pid [919]
[INFO] [far_planner-12]: process started with pid [921]
[INFO] [graph_decoder-13]: process started with pid [923]
[INFO] [vehicleSimulator-14]: process started with pid [929]
[static_transform_publisher-3] [WARN] [1772348437.704951298] []: Old-style arguments are deprecated; see --help for new-style arguments
[static_transform_publisher-4] [WARN] [1772348437.709067527] []: Old-style arguments are deprecated; see --help for new-style arguments
[static_transform_publisher-3] [INFO] [1772348437.731731909] [vehicleTransPublisher]: Spinning until stopped - publishing transform
[static_transform_publisher-3] translation: ('-0.000000', '-0.000000', '-0.000000')
[static_transform_publisher-3] rotation: ('0.000000', '0.000000', '0.000000', '1.000000')
[static_transform_publisher-3] from '/sensor' to '/vehicle'
[static_transform_publisher-4] [INFO] [1772348437.748084068] [sensorTransPublisher]: Spinning until stopped - publishing transform
[static_transform_publisher-4] translation: ('0.000000', '0.000000', '0.000000')
[static_transform_publisher-4] rotation: ('0.000000', '0.000000', '0.000000', '1.000000')
[static_transform_publisher-4] from '/sensor' to 'camera_link'
[graph_decoder-13] [INFO] [1772348437.755764127] [graph_decoder]: Graph Decoder Node Initialized
[localPlanner-1] [INFO] [1772348437.760056824] [localPlanner]: Reading path files.
[vehicleSimulator-14] [INFO] [1772348437.768844731] [vehicleSimulator]: Simulation started.
[far_planner-12] [INFO] [1772348437.828542100] [far_planner]: FAR Planner Node Initiated
[far_planner-12] [INFO] [1772348437.867860788] [far_planner]: voxel_dim: 0.100000
[far_planner-12] [INFO] [1772348437.868239560] [far_planner]: FAR Planner ROS Params Initiated
[far_planner-12] [INFO] [1772348437.868267320] [far_planner]: FAR Planner Callback Initiated
[default_server_endpoint-7] [INFO] [1772348437.873080843] [endpoint]: Starting server on 0.0.0.0:10000
[default_server_endpoint-7] [INFO] [1772348438.022653609] [endpoint]: Connection from 127.0.0.1
[default_server_endpoint-7] [WARN] [1772348438.078903719] [rcl.logging_rosout]: Publisher already registered for provided node name. If this is due to multiple nodes with the same name then all logs for that logger name will go out over the existing publisher. As soon as any node with that name is destructed it will unregister the publisher, preventing any further logs for that name from being published on the rosout topic.
[far_planner-12] [INFO] [1772348438.092251088] [far_planner]: FAR Planner Processing Objects Initiated
[localPlanner-1] [INFO] [1772348438.192563979] [localPlanner]: Initialization complete.
[far_planner-12] [2J[0;0H
[far_planner-12] [1;33m **************** DYNAMIC ENV PLANNING **************** [0m
[far_planner-12] 
[far_planner-12] 
[far_planner-12] 
[far_planner-12] [INFO] [1772348439.093634975] [far_planner]: FAR Planner Initiated Complete
[default_server_endpoint-7] [INFO] [1772348443.715499574] [endpoint]: RegisterSubscriber(/unity_sim/set_model_state, <class 'geometry_msgs.msg._pose_stamped.PoseStamped'>) OK
[default_server_endpoint-7] [WARN] [1772348443.721101359] [rcl.logging_rosout]: Publisher already registered for provided node name. If this is due to multiple nodes with the same name then all logs for that logger name will go out over the existing publisher. As soon as any node with that name is destructed it will unregister the publisher, preventing any further logs for that name from being published on the rosout topic.
[default_server_endpoint-7] [INFO] [1772348443.970061361] [endpoint]: RegisterSubscriber(/tf, <class 'tf2_msgs.msg._tf_message.TFMessage'>) OK
[default_server_endpoint-7] [WARN] [1772348443.975604006] [rcl.logging_rosout]: Publisher already registered for provided node name. If this is due to multiple nodes with the same name then all logs for that logger name will go out over the existing publisher. As soon as any node with that name is destructed it will unregister the publisher, preventing any further logs for that name from being published on the rosout topic.
[default_server_endpoint-7] [INFO] [1772348444.056257352] [endpoint]: RegisterPublisher(camera/image/compressed, <class 'sensor_msgs.msg._compressed_image.CompressedImage'>) OK
[default_server_endpoint-7] [WARN] [1772348444.056761797] [rcl.logging_rosout]: Publisher already registered for provided node name. If this is due to multiple nodes with the same name then all logs for that logger name will go out over the existing publisher. As soon as any node with that name is destructed it will unregister the publisher, preventing any further logs for that name from being published on the rosout topic.
[default_server_endpoint-7] [INFO] [1772348444.092188026] [endpoint]: RegisterPublisher(camera/semantic_image/compressed, <class 'sensor_msgs.msg._compressed_image.CompressedImage'>) OK
[default_server_endpoint-7] [WARN] [1772348444.094573517] [rcl.logging_rosout]: Publisher already registered for provided node name. If this is due to multiple nodes with the same name then all logs for that logger name will go out over the existing publisher. As soon as any node with that name is destructed it will unregister the publisher, preventing any further logs for that name from being published on the rosout topic.
[default_server_endpoint-7] [INFO] [1772348444.141174492] [endpoint]: RegisterPublisher(/registered_scan, <class 'sensor_msgs.msg._point_cloud2.PointCloud2'>) OK
================================================================================
================================================================================
==================== UNITY BRIDGE STARTUP TIMEOUT ERROR ========================
================================================================================
[entrypoint-min] Attempt 3 exceeded UNITY_BRIDGE_CONNECT_TIMEOUT_SEC=25
[entrypoint-min] Bridge did not become ready in time.
[entrypoint-min] Required topics missing: /registered_scan and /camera/image/compressed
[entrypoint-min] Stopping ROS nav stack and retrying in 2s.
================================================================================
================================================================================
[entrypoint-min] Launch attempt 4: ros2 launch vehicle_simulator system_simulation_with_route_planner.launch.py enable_bridge:=false
[entrypoint-min] ROS nav stack PID: 1220
[INFO] [launch]: All log files can be found below /root/.ros/log/2026-03-01-07-01-05-351425-dimos-flash-24.04-1-1239
[INFO] [launch]: Default logging verbosity is set to INFO
[INFO] [localPlanner-1]: process started with pid [1240]
[INFO] [pathFollower-2]: process started with pid [1242]
[INFO] [static_transform_publisher-3]: process started with pid [1244]
[INFO] [static_transform_publisher-4]: process started with pid [1246]
[INFO] [terrainAnalysis-5]: process started with pid [1248]
[INFO] [terrainAnalysisExt-6]: process started with pid [1250]
[INFO] [default_server_endpoint-7]: process started with pid [1252]
[INFO] [sim_image_repub-8]: process started with pid [1254]
[INFO] [sensorScanGeneration-9]: process started with pid [1257]
[INFO] [visualizationTools-10]: process started with pid [1261]
[INFO] [joy_node-11]: process started with pid [1263]
[INFO] [far_planner-12]: process started with pid [1266]
[INFO] [graph_decoder-13]: process started with pid [1269]
[INFO] [vehicleSimulator-14]: process started with pid [1278]
[static_transform_publisher-3] [WARN] [1772348465.521062622] []: Old-style arguments are deprecated; see --help for new-style arguments
[static_transform_publisher-4] [WARN] [1772348465.513485577] []: Old-style arguments are deprecated; see --help for new-style arguments
[static_transform_publisher-4] [INFO] [1772348465.561090005] [sensorTransPublisher]: Spinning until stopped - publishing transform
[static_transform_publisher-4] translation: ('0.000000', '0.000000', '0.000000')
[static_transform_publisher-4] rotation: ('0.000000', '0.000000', '0.000000', '1.000000')
[static_transform_publisher-4] from '/sensor' to 'camera_link'
[static_transform_publisher-3] [INFO] [1772348465.586191012] [vehicleTransPublisher]: Spinning until stopped - publishing transform
[static_transform_publisher-3] translation: ('-0.000000', '-0.000000', '-0.000000')
[static_transform_publisher-3] rotation: ('0.000000', '0.000000', '0.000000', '1.000000')
[static_transform_publisher-3] from '/sensor' to '/vehicle'
[localPlanner-1] [INFO] [1772348465.601603223] [localPlanner]: Reading path files.
[graph_decoder-13] [INFO] [1772348465.627784656] [graph_decoder]: Graph Decoder Node Initialized
[vehicleSimulator-14] [INFO] [1772348465.724475586] [vehicleSimulator]: Simulation started.
[far_planner-12] [INFO] [1772348465.859710652] [far_planner]: FAR Planner Node Initiated
[default_server_endpoint-7] [INFO] [1772348465.912819392] [endpoint]: Starting server on 0.0.0.0:10000
[far_planner-12] [INFO] [1772348465.983459876] [far_planner]: voxel_dim: 0.100000
[far_planner-12] [INFO] [1772348465.984340201] [far_planner]: FAR Planner ROS Params Initiated
[far_planner-12] [INFO] [1772348465.984380189] [far_planner]: FAR Planner Callback Initiated
[localPlanner-1] [INFO] [1772348466.185674897] [localPlanner]: Initialization complete.
[far_planner-12] [INFO] [1772348466.232475243] [far_planner]: FAR Planner Processing Objects Initiated
[default_server_endpoint-7] [INFO] [1772348466.285770775] [endpoint]: Connection from 127.0.0.1
[default_server_endpoint-7] [WARN] [1772348466.328373377] [rcl.logging_rosout]: Publisher already registered for provided node name. If this is due to multiple nodes with the same name then all logs for that logger name will go out over the existing publisher. As soon as any node with that name is destructed it will unregister the publisher, preventing any further logs for that name from being published on the rosout topic.
[far_planner-12] [2J[0;0H
[far_planner-12] [1;33m **************** DYNAMIC ENV PLANNING **************** [0m
[far_planner-12] 
[far_planner-12] 
[far_planner-12] 
[far_planner-12] [INFO] [1772348467.233067388] [far_planner]: FAR Planner Initiated Complete
[default_server_endpoint-7] [INFO] [1772348467.504746509] [endpoint]: RegisterSubscriber(/unity_sim/set_model_state, <class 'geometry_msgs.msg._pose_stamped.PoseStamped'>) OK
[default_server_endpoint-7] [WARN] [1772348467.512089377] [rcl.logging_rosout]: Publisher already registered for provided node name. If this is due to multiple nodes with the same name then all logs for that logger name will go out over the existing publisher. As soon as any node with that name is destructed it will unregister the publisher, preventing any further logs for that name from being published on the rosout topic.
[default_server_endpoint-7] [INFO] [1772348467.564791544] [endpoint]: RegisterSubscriber(/tf, <class 'tf2_msgs.msg._tf_message.TFMessage'>) OK
[default_server_endpoint-7] [WARN] [1772348467.583260466] [rcl.logging_rosout]: Publisher already registered for provided node name. If this is due to multiple nodes with the same name then all logs for that logger name will go out over the existing publisher. As soon as any node with that name is destructed it will unregister the publisher, preventing any further logs for that name from being published on the rosout topic.
[default_server_endpoint-7] [INFO] [1772348467.641545224] [endpoint]: RegisterPublisher(camera/image/compressed, <class 'sensor_msgs.msg._compressed_image.CompressedImage'>) OK
[default_server_endpoint-7] [WARN] [1772348467.641826675] [rcl.logging_rosout]: Publisher already registered for provided node name. If this is due to multiple nodes with the same name then all logs for that logger name will go out over the existing publisher. As soon as any node with that name is destructed it will unregister the publisher, preventing any further logs for that name from being published on the rosout topic.
[default_server_endpoint-7] [INFO] [1772348467.711037898] [endpoint]: RegisterPublisher(camera/semantic_image/compressed, <class 'sensor_msgs.msg._compressed_image.CompressedImage'>) OK
[default_server_endpoint-7] [WARN] [1772348467.711791524] [rcl.logging_rosout]: Publisher already registered for provided node name. If this is due to multiple nodes with the same name then all logs for that logger name will go out over the existing publisher. As soon as any node with that name is destructed it will unregister the publisher, preventing any further logs for that name from being published on the rosout topic.
[default_server_endpoint-7] [INFO] [1772348467.774932767] [endpoint]: RegisterPublisher(/registered_scan, <class 'sensor_msgs.msg._point_cloud2.PointCloud2'>) OK
